<?xml version="1.0" encoding="UTF-8"?>
<testsuite xmlns:xsi="http://www.w3.org/2001/XMLSchema-instance" xsi:noNamespaceSchemaLocation="https://maven.apache.org/surefire/maven-surefire-plugin/xsd/surefire-test-report.xsd" name="com.bolsadeideas.springboot.backend.apirest.SpringBootBackendApirestApplicationTests" time="30.016" tests="1" errors="0" skipped="0" failures="0">
  <properties>
    <property name="sun.desktop" value="windows"/>
    <property name="awt.toolkit" value="sun.awt.windows.WToolkit"/>
    <property name="file.encoding.pkg" value="sun.io"/>
    <property name="java.specification.version" value="1.8"/>
    <property name="sun.cpu.isalist" value="amd64"/>
    <property name="sun.jnu.encoding" value="Cp1252"/>
    <property name="java.class.path" value="C:\eclipse-workspace\spring-boot-backend-apirest\target\test-classes;C:\eclipse-workspace\spring-boot-backend-apirest\target\classes;C:\Users\PC_OHGG\.m2\repository\org\springframework\boot\spring-boot-starter-data-jpa\2.0.0.M7\spring-boot-starter-data-jpa-2.0.0.M7.jar;C:\Users\PC_OHGG\.m2\repository\org\springframework\boot\spring-boot-starter\2.0.0.M7\spring-boot-starter-2.0.0.M7.jar;C:\Users\PC_OHGG\.m2\repository\org\springframework\boot\spring-boot-starter-logging\2.0.0.M7\spring-boot-starter-logging-2.0.0.M7.jar;C:\Users\PC_OHGG\.m2\repository\ch\qos\logback\logback-classic\1.2.3\logback-classic-1.2.3.jar;C:\Users\PC_OHGG\.m2\repository\ch\qos\logback\logback-core\1.2.3\logback-core-1.2.3.jar;C:\Users\PC_OHGG\.m2\repository\org\apache\logging\log4j\log4j-to-slf4j\2.10.0\log4j-to-slf4j-2.10.0.jar;C:\Users\PC_OHGG\.m2\repository\org\apache\logging\log4j\log4j-api\2.10.0\log4j-api-2.10.0.jar;C:\Users\PC_OHGG\.m2\repository\org\slf4j\jul-to-slf4j\1.7.25\jul-to-slf4j-1.7.25.jar;C:\Users\PC_OHGG\.m2\repository\javax\annotation\javax.annotation-api\1.3.1\javax.annotation-api-1.3.1.jar;C:\Users\PC_OHGG\.m2\repository\org\yaml\snakeyaml\1.19\snakeyaml-1.19.jar;C:\Users\PC_OHGG\.m2\repository\org\springframework\boot\spring-boot-starter-aop\2.0.0.M7\spring-boot-starter-aop-2.0.0.M7.jar;C:\Users\PC_OHGG\.m2\repository\org\springframework\spring-aop\5.0.2.RELEASE\spring-aop-5.0.2.RELEASE.jar;C:\Users\PC_OHGG\.m2\repository\org\aspectj\aspectjweaver\1.8.13\aspectjweaver-1.8.13.jar;C:\Users\PC_OHGG\.m2\repository\org\springframework\boot\spring-boot-starter-jdbc\2.0.0.M7\spring-boot-starter-jdbc-2.0.0.M7.jar;C:\Users\PC_OHGG\.m2\repository\com\zaxxer\HikariCP\2.7.4\HikariCP-2.7.4.jar;C:\Users\PC_OHGG\.m2\repository\org\springframework\spring-jdbc\5.0.2.RELEASE\spring-jdbc-5.0.2.RELEASE.jar;C:\Users\PC_OHGG\.m2\repository\org\hibernate\hibernate-core\5.2.12.Final\hibernate-core-5.2.12.Final.jar;C:\Users\PC_OHGG\.m2\repository\org\jboss\logging\jboss-logging\3.3.1.Final\jboss-logging-3.3.1.Final.jar;C:\Users\PC_OHGG\.m2\repository\org\hibernate\javax\persistence\hibernate-jpa-2.1-api\1.0.0.Final\hibernate-jpa-2.1-api-1.0.0.Final.jar;C:\Users\PC_OHGG\.m2\repository\org\javassist\javassist\3.22.0-CR2\javassist-3.22.0-CR2.jar;C:\Users\PC_OHGG\.m2\repository\antlr\antlr\2.7.7\antlr-2.7.7.jar;C:\Users\PC_OHGG\.m2\repository\org\jboss\jandex\2.0.3.Final\jandex-2.0.3.Final.jar;C:\Users\PC_OHGG\.m2\repository\com\fasterxml\classmate\1.3.4\classmate-1.3.4.jar;C:\Users\PC_OHGG\.m2\repository\dom4j\dom4j\1.6.1\dom4j-1.6.1.jar;C:\Users\PC_OHGG\.m2\repository\org\hibernate\common\hibernate-commons-annotations\5.0.1.Final\hibernate-commons-annotations-5.0.1.Final.jar;C:\Users\PC_OHGG\.m2\repository\javax\transaction\javax.transaction-api\1.2\javax.transaction-api-1.2.jar;C:\Users\PC_OHGG\.m2\repository\org\springframework\data\spring-data-jpa\2.0.2.RELEASE\spring-data-jpa-2.0.2.RELEASE.jar;C:\Users\PC_OHGG\.m2\repository\org\springframework\data\spring-data-commons\2.0.2.RELEASE\spring-data-commons-2.0.2.RELEASE.jar;C:\Users\PC_OHGG\.m2\repository\org\springframework\spring-orm\5.0.2.RELEASE\spring-orm-5.0.2.RELEASE.jar;C:\Users\PC_OHGG\.m2\repository\org\springframework\spring-context\5.0.2.RELEASE\spring-context-5.0.2.RELEASE.jar;C:\Users\PC_OHGG\.m2\repository\org\springframework\spring-tx\5.0.2.RELEASE\spring-tx-5.0.2.RELEASE.jar;C:\Users\PC_OHGG\.m2\repository\org\springframework\spring-beans\5.0.2.RELEASE\spring-beans-5.0.2.RELEASE.jar;C:\Users\PC_OHGG\.m2\repository\org\slf4j\slf4j-api\1.7.25\slf4j-api-1.7.25.jar;C:\Users\PC_OHGG\.m2\repository\org\springframework\spring-aspects\5.0.2.RELEASE\spring-aspects-5.0.2.RELEASE.jar;C:\Users\PC_OHGG\.m2\repository\org\springframework\boot\spring-boot-starter-web\2.0.0.M7\spring-boot-starter-web-2.0.0.M7.jar;C:\Users\PC_OHGG\.m2\repository\org\springframework\boot\spring-boot-starter-json\2.0.0.M7\spring-boot-starter-json-2.0.0.M7.jar;C:\Users\PC_OHGG\.m2\repository\com\fasterxml\jackson\core\jackson-databind\2.9.2\jackson-databind-2.9.2.jar;C:\Users\PC_OHGG\.m2\repository\com\fasterxml\jackson\core\jackson-annotations\2.9.0\jackson-annotations-2.9.0.jar;C:\Users\PC_OHGG\.m2\repository\com\fasterxml\jackson\core\jackson-core\2.9.2\jackson-core-2.9.2.jar;C:\Users\PC_OHGG\.m2\repository\com\fasterxml\jackson\datatype\jackson-datatype-jdk8\2.9.2\jackson-datatype-jdk8-2.9.2.jar;C:\Users\PC_OHGG\.m2\repository\com\fasterxml\jackson\datatype\jackson-datatype-jsr310\2.9.2\jackson-datatype-jsr310-2.9.2.jar;C:\Users\PC_OHGG\.m2\repository\com\fasterxml\jackson\module\jackson-module-parameter-names\2.9.2\jackson-module-parameter-names-2.9.2.jar;C:\Users\PC_OHGG\.m2\repository\org\springframework\boot\spring-boot-starter-tomcat\2.0.0.M7\spring-boot-starter-tomcat-2.0.0.M7.jar;C:\Users\PC_OHGG\.m2\repository\org\apache\tomcat\embed\tomcat-embed-core\8.5.23\tomcat-embed-core-8.5.23.jar;C:\Users\PC_OHGG\.m2\repository\org\apache\tomcat\tomcat-annotations-api\8.5.23\tomcat-annotations-api-8.5.23.jar;C:\Users\PC_OHGG\.m2\repository\org\apache\tomcat\embed\tomcat-embed-el\8.5.23\tomcat-embed-el-8.5.23.jar;C:\Users\PC_OHGG\.m2\repository\org\apache\tomcat\embed\tomcat-embed-websocket\8.5.23\tomcat-embed-websocket-8.5.23.jar;C:\Users\PC_OHGG\.m2\repository\org\hibernate\validator\hibernate-validator\6.0.5.Final\hibernate-validator-6.0.5.Final.jar;C:\Users\PC_OHGG\.m2\repository\javax\validation\validation-api\2.0.0.Final\validation-api-2.0.0.Final.jar;C:\Users\PC_OHGG\.m2\repository\org\springframework\spring-web\5.0.2.RELEASE\spring-web-5.0.2.RELEASE.jar;C:\Users\PC_OHGG\.m2\repository\org\springframework\spring-webmvc\5.0.2.RELEASE\spring-webmvc-5.0.2.RELEASE.jar;C:\Users\PC_OHGG\.m2\repository\org\springframework\spring-expression\5.0.2.RELEASE\spring-expression-5.0.2.RELEASE.jar;C:\Users\PC_OHGG\.m2\repository\org\springframework\boot\spring-boot-devtools\2.0.0.M7\spring-boot-devtools-2.0.0.M7.jar;C:\Users\PC_OHGG\.m2\repository\org\springframework\boot\spring-boot\2.0.0.M7\spring-boot-2.0.0.M7.jar;C:\Users\PC_OHGG\.m2\repository\org\springframework\boot\spring-boot-autoconfigure\2.0.0.M7\spring-boot-autoconfigure-2.0.0.M7.jar;C:\Users\PC_OHGG\.m2\repository\com\h2database\h2\1.4.196\h2-1.4.196.jar;C:\Users\PC_OHGG\.m2\repository\mysql\mysql-connector-java\5.1.44\mysql-connector-java-5.1.44.jar;C:\Users\PC_OHGG\.m2\repository\com\oracle\ojdbc7\12.1.0.2\ojdbc7-12.1.0.2.jar;C:\Users\PC_OHGG\.m2\repository\org\springframework\boot\spring-boot-starter-test\2.0.0.M7\spring-boot-starter-test-2.0.0.M7.jar;C:\Users\PC_OHGG\.m2\repository\org\springframework\boot\spring-boot-test\2.0.0.M7\spring-boot-test-2.0.0.M7.jar;C:\Users\PC_OHGG\.m2\repository\org\springframework\boot\spring-boot-test-autoconfigure\2.0.0.M7\spring-boot-test-autoconfigure-2.0.0.M7.jar;C:\Users\PC_OHGG\.m2\repository\com\jayway\jsonpath\json-path\2.4.0\json-path-2.4.0.jar;C:\Users\PC_OHGG\.m2\repository\net\minidev\json-smart\2.3\json-smart-2.3.jar;C:\Users\PC_OHGG\.m2\repository\net\minidev\accessors-smart\1.2\accessors-smart-1.2.jar;C:\Users\PC_OHGG\.m2\repository\org\ow2\asm\asm\5.0.4\asm-5.0.4.jar;C:\Users\PC_OHGG\.m2\repository\junit\junit\4.12\junit-4.12.jar;C:\Users\PC_OHGG\.m2\repository\org\assertj\assertj-core\3.8.0\assertj-core-3.8.0.jar;C:\Users\PC_OHGG\.m2\repository\org\mockito\mockito-core\2.12.0\mockito-core-2.12.0.jar;C:\Users\PC_OHGG\.m2\repository\net\bytebuddy\byte-buddy\1.7.9\byte-buddy-1.7.9.jar;C:\Users\PC_OHGG\.m2\repository\net\bytebuddy\byte-buddy-agent\1.7.9\byte-buddy-agent-1.7.9.jar;C:\Users\PC_OHGG\.m2\repository\org\objenesis\objenesis\2.6\objenesis-2.6.jar;C:\Users\PC_OHGG\.m2\repository\org\hamcrest\hamcrest-core\1.3\hamcrest-core-1.3.jar;C:\Users\PC_OHGG\.m2\repository\org\hamcrest\hamcrest-library\1.3\hamcrest-library-1.3.jar;C:\Users\PC_OHGG\.m2\repository\org\skyscreamer\jsonassert\1.5.0\jsonassert-1.5.0.jar;C:\Users\PC_OHGG\.m2\repository\com\vaadin\external\google\android-json\0.0.20131108.vaadin1\android-json-0.0.20131108.vaadin1.jar;C:\Users\PC_OHGG\.m2\repository\org\springframework\spring-core\5.0.2.RELEASE\spring-core-5.0.2.RELEASE.jar;C:\Users\PC_OHGG\.m2\repository\org\springframework\spring-jcl\5.0.2.RELEASE\spring-jcl-5.0.2.RELEASE.jar;C:\Users\PC_OHGG\.m2\repository\org\springframework\spring-test\5.0.2.RELEASE\spring-test-5.0.2.RELEASE.jar;C:\Users\PC_OHGG\.m2\repository\org\xmlunit\xmlunit-core\2.5.1\xmlunit-core-2.5.1.jar;C:\Users\PC_OHGG\.m2\repository\net\sf\jasperreports\jasperreports\4.1.3\jasperreports-4.1.3.jar;C:\Users\PC_OHGG\.m2\repository\commons-beanutils\commons-beanutils\1.8.0\commons-beanutils-1.8.0.jar;C:\Users\PC_OHGG\.m2\repository\commons-collections\commons-collections\2.1\commons-collections-2.1.jar;C:\Users\PC_OHGG\.m2\repository\commons-digester\commons-digester\1.7\commons-digester-1.7.jar;C:\Users\PC_OHGG\.m2\repository\commons-logging\commons-logging\1.0.2\commons-logging-1.0.2.jar;C:\Users\PC_OHGG\.m2\repository\com\lowagie\itext\2.1.7\itext-2.1.7.jar;C:\Users\PC_OHGG\.m2\repository\bouncycastle\bcmail-jdk14\138\bcmail-jdk14-138.jar;C:\Users\PC_OHGG\.m2\repository\bouncycastle\bcprov-jdk14\138\bcprov-jdk14-138.jar;C:\Users\PC_OHGG\.m2\repository\org\bouncycastle\bctsp-jdk14\1.38\bctsp-jdk14-1.38.jar;C:\Users\PC_OHGG\.m2\repository\org\bouncycastle\bcprov-jdk14\1.38\bcprov-jdk14-1.38.jar;C:\Users\PC_OHGG\.m2\repository\org\bouncycastle\bcmail-jdk14\1.38\bcmail-jdk14-1.38.jar;C:\Users\PC_OHGG\.m2\repository\jfree\jcommon\1.0.15\jcommon-1.0.15.jar;C:\Users\PC_OHGG\.m2\repository\jfree\jfreechart\1.0.12\jfreechart-1.0.12.jar;C:\Users\PC_OHGG\.m2\repository\xml-apis\xml-apis\1.4.01\xml-apis-1.4.01.jar;C:\Users\PC_OHGG\.m2\repository\eclipse\jdtcore\3.1.0\jdtcore-3.1.0.jar;C:\Users\PC_OHGG\.m2\repository\org\codehaus\castor\castor\1.2\castor-1.2.jar;C:\Users\PC_OHGG\.m2\repository\org\apache\poi\poi-ooxml\3.7\poi-ooxml-3.7.jar;C:\Users\PC_OHGG\.m2\repository\org\apache\poi\poi\3.7\poi-3.7.jar;C:\Users\PC_OHGG\.m2\repository\org\apache\poi\poi-ooxml-schemas\3.7\poi-ooxml-schemas-3.7.jar;C:\Users\PC_OHGG\.m2\repository\org\apache\xmlbeans\xmlbeans\2.3.0\xmlbeans-2.3.0.jar;C:\Users\PC_OHGG\.m2\repository\stax\stax-api\1.0.1\stax-api-1.0.1.jar;C:\Users\PC_OHGG\.m2\repository\org\apache\geronimo\specs\geronimo-stax-api_1.0_spec\1.0\geronimo-stax-api_1.0_spec-1.0.jar;C:\Users\PC_OHGG\.m2\repository\org\codehaus\jackson\jackson-core-lgpl\1.7.4\jackson-core-lgpl-1.7.4.jar;C:\Users\PC_OHGG\.m2\repository\org\codehaus\jackson\jackson-mapper-lgpl\1.7.4\jackson-mapper-lgpl-1.7.4.jar;C:\Users\PC_OHGG\.m2\repository\org\json\json\20200518\json-20200518.jar;"/>
    <property name="java.vm.vendor" value="Oracle Corporation"/>
    <property name="sun.arch.data.model" value="64"/>
    <property name="user.variant" value=""/>
    <property name="java.vendor.url" value="http://java.oracle.com/"/>
    <property name="user.timezone" value=""/>
    <property name="java.vm.specification.version" value="1.8"/>
    <property name="os.name" value="Windows 10"/>
    <property name="user.country" value="MX"/>
    <property name="sun.java.launcher" value="SUN_STANDARD"/>
    <property name="sun.boot.library.path" value="C:\Java\jdk1.8.0_152\jre\bin"/>
    <property name="sun.java.command" value="C:\Users\PC_OHGG\AppData\Local\Temp\surefire4590506726618184984\surefirebooter7812970596722189368.jar C:\Users\PC_OHGG\AppData\Local\Temp\surefire4590506726618184984 2020-08-07T16-26-41_714-jvmRun1 surefire7442764298876198903tmp surefire_08545363853368968035tmp"/>
    <property name="surefire.test.class.path" value="C:\eclipse-workspace\spring-boot-backend-apirest\target\test-classes;C:\eclipse-workspace\spring-boot-backend-apirest\target\classes;C:\Users\PC_OHGG\.m2\repository\org\springframework\boot\spring-boot-starter-data-jpa\2.0.0.M7\spring-boot-starter-data-jpa-2.0.0.M7.jar;C:\Users\PC_OHGG\.m2\repository\org\springframework\boot\spring-boot-starter\2.0.0.M7\spring-boot-starter-2.0.0.M7.jar;C:\Users\PC_OHGG\.m2\repository\org\springframework\boot\spring-boot-starter-logging\2.0.0.M7\spring-boot-starter-logging-2.0.0.M7.jar;C:\Users\PC_OHGG\.m2\repository\ch\qos\logback\logback-classic\1.2.3\logback-classic-1.2.3.jar;C:\Users\PC_OHGG\.m2\repository\ch\qos\logback\logback-core\1.2.3\logback-core-1.2.3.jar;C:\Users\PC_OHGG\.m2\repository\org\apache\logging\log4j\log4j-to-slf4j\2.10.0\log4j-to-slf4j-2.10.0.jar;C:\Users\PC_OHGG\.m2\repository\org\apache\logging\log4j\log4j-api\2.10.0\log4j-api-2.10.0.jar;C:\Users\PC_OHGG\.m2\repository\org\slf4j\jul-to-slf4j\1.7.25\jul-to-slf4j-1.7.25.jar;C:\Users\PC_OHGG\.m2\repository\javax\annotation\javax.annotation-api\1.3.1\javax.annotation-api-1.3.1.jar;C:\Users\PC_OHGG\.m2\repository\org\yaml\snakeyaml\1.19\snakeyaml-1.19.jar;C:\Users\PC_OHGG\.m2\repository\org\springframework\boot\spring-boot-starter-aop\2.0.0.M7\spring-boot-starter-aop-2.0.0.M7.jar;C:\Users\PC_OHGG\.m2\repository\org\springframework\spring-aop\5.0.2.RELEASE\spring-aop-5.0.2.RELEASE.jar;C:\Users\PC_OHGG\.m2\repository\org\aspectj\aspectjweaver\1.8.13\aspectjweaver-1.8.13.jar;C:\Users\PC_OHGG\.m2\repository\org\springframework\boot\spring-boot-starter-jdbc\2.0.0.M7\spring-boot-starter-jdbc-2.0.0.M7.jar;C:\Users\PC_OHGG\.m2\repository\com\zaxxer\HikariCP\2.7.4\HikariCP-2.7.4.jar;C:\Users\PC_OHGG\.m2\repository\org\springframework\spring-jdbc\5.0.2.RELEASE\spring-jdbc-5.0.2.RELEASE.jar;C:\Users\PC_OHGG\.m2\repository\org\hibernate\hibernate-core\5.2.12.Final\hibernate-core-5.2.12.Final.jar;C:\Users\PC_OHGG\.m2\repository\org\jboss\logging\jboss-logging\3.3.1.Final\jboss-logging-3.3.1.Final.jar;C:\Users\PC_OHGG\.m2\repository\org\hibernate\javax\persistence\hibernate-jpa-2.1-api\1.0.0.Final\hibernate-jpa-2.1-api-1.0.0.Final.jar;C:\Users\PC_OHGG\.m2\repository\org\javassist\javassist\3.22.0-CR2\javassist-3.22.0-CR2.jar;C:\Users\PC_OHGG\.m2\repository\antlr\antlr\2.7.7\antlr-2.7.7.jar;C:\Users\PC_OHGG\.m2\repository\org\jboss\jandex\2.0.3.Final\jandex-2.0.3.Final.jar;C:\Users\PC_OHGG\.m2\repository\com\fasterxml\classmate\1.3.4\classmate-1.3.4.jar;C:\Users\PC_OHGG\.m2\repository\dom4j\dom4j\1.6.1\dom4j-1.6.1.jar;C:\Users\PC_OHGG\.m2\repository\org\hibernate\common\hibernate-commons-annotations\5.0.1.Final\hibernate-commons-annotations-5.0.1.Final.jar;C:\Users\PC_OHGG\.m2\repository\javax\transaction\javax.transaction-api\1.2\javax.transaction-api-1.2.jar;C:\Users\PC_OHGG\.m2\repository\org\springframework\data\spring-data-jpa\2.0.2.RELEASE\spring-data-jpa-2.0.2.RELEASE.jar;C:\Users\PC_OHGG\.m2\repository\org\springframework\data\spring-data-commons\2.0.2.RELEASE\spring-data-commons-2.0.2.RELEASE.jar;C:\Users\PC_OHGG\.m2\repository\org\springframework\spring-orm\5.0.2.RELEASE\spring-orm-5.0.2.RELEASE.jar;C:\Users\PC_OHGG\.m2\repository\org\springframework\spring-context\5.0.2.RELEASE\spring-context-5.0.2.RELEASE.jar;C:\Users\PC_OHGG\.m2\repository\org\springframework\spring-tx\5.0.2.RELEASE\spring-tx-5.0.2.RELEASE.jar;C:\Users\PC_OHGG\.m2\repository\org\springframework\spring-beans\5.0.2.RELEASE\spring-beans-5.0.2.RELEASE.jar;C:\Users\PC_OHGG\.m2\repository\org\slf4j\slf4j-api\1.7.25\slf4j-api-1.7.25.jar;C:\Users\PC_OHGG\.m2\repository\org\springframework\spring-aspects\5.0.2.RELEASE\spring-aspects-5.0.2.RELEASE.jar;C:\Users\PC_OHGG\.m2\repository\org\springframework\boot\spring-boot-starter-web\2.0.0.M7\spring-boot-starter-web-2.0.0.M7.jar;C:\Users\PC_OHGG\.m2\repository\org\springframework\boot\spring-boot-starter-json\2.0.0.M7\spring-boot-starter-json-2.0.0.M7.jar;C:\Users\PC_OHGG\.m2\repository\com\fasterxml\jackson\core\jackson-databind\2.9.2\jackson-databind-2.9.2.jar;C:\Users\PC_OHGG\.m2\repository\com\fasterxml\jackson\core\jackson-annotations\2.9.0\jackson-annotations-2.9.0.jar;C:\Users\PC_OHGG\.m2\repository\com\fasterxml\jackson\core\jackson-core\2.9.2\jackson-core-2.9.2.jar;C:\Users\PC_OHGG\.m2\repository\com\fasterxml\jackson\datatype\jackson-datatype-jdk8\2.9.2\jackson-datatype-jdk8-2.9.2.jar;C:\Users\PC_OHGG\.m2\repository\com\fasterxml\jackson\datatype\jackson-datatype-jsr310\2.9.2\jackson-datatype-jsr310-2.9.2.jar;C:\Users\PC_OHGG\.m2\repository\com\fasterxml\jackson\module\jackson-module-parameter-names\2.9.2\jackson-module-parameter-names-2.9.2.jar;C:\Users\PC_OHGG\.m2\repository\org\springframework\boot\spring-boot-starter-tomcat\2.0.0.M7\spring-boot-starter-tomcat-2.0.0.M7.jar;C:\Users\PC_OHGG\.m2\repository\org\apache\tomcat\embed\tomcat-embed-core\8.5.23\tomcat-embed-core-8.5.23.jar;C:\Users\PC_OHGG\.m2\repository\org\apache\tomcat\tomcat-annotations-api\8.5.23\tomcat-annotations-api-8.5.23.jar;C:\Users\PC_OHGG\.m2\repository\org\apache\tomcat\embed\tomcat-embed-el\8.5.23\tomcat-embed-el-8.5.23.jar;C:\Users\PC_OHGG\.m2\repository\org\apache\tomcat\embed\tomcat-embed-websocket\8.5.23\tomcat-embed-websocket-8.5.23.jar;C:\Users\PC_OHGG\.m2\repository\org\hibernate\validator\hibernate-validator\6.0.5.Final\hibernate-validator-6.0.5.Final.jar;C:\Users\PC_OHGG\.m2\repository\javax\validation\validation-api\2.0.0.Final\validation-api-2.0.0.Final.jar;C:\Users\PC_OHGG\.m2\repository\org\springframework\spring-web\5.0.2.RELEASE\spring-web-5.0.2.RELEASE.jar;C:\Users\PC_OHGG\.m2\repository\org\springframework\spring-webmvc\5.0.2.RELEASE\spring-webmvc-5.0.2.RELEASE.jar;C:\Users\PC_OHGG\.m2\repository\org\springframework\spring-expression\5.0.2.RELEASE\spring-expression-5.0.2.RELEASE.jar;C:\Users\PC_OHGG\.m2\repository\org\springframework\boot\spring-boot-devtools\2.0.0.M7\spring-boot-devtools-2.0.0.M7.jar;C:\Users\PC_OHGG\.m2\repository\org\springframework\boot\spring-boot\2.0.0.M7\spring-boot-2.0.0.M7.jar;C:\Users\PC_OHGG\.m2\repository\org\springframework\boot\spring-boot-autoconfigure\2.0.0.M7\spring-boot-autoconfigure-2.0.0.M7.jar;C:\Users\PC_OHGG\.m2\repository\com\h2database\h2\1.4.196\h2-1.4.196.jar;C:\Users\PC_OHGG\.m2\repository\mysql\mysql-connector-java\5.1.44\mysql-connector-java-5.1.44.jar;C:\Users\PC_OHGG\.m2\repository\com\oracle\ojdbc7\12.1.0.2\ojdbc7-12.1.0.2.jar;C:\Users\PC_OHGG\.m2\repository\org\springframework\boot\spring-boot-starter-test\2.0.0.M7\spring-boot-starter-test-2.0.0.M7.jar;C:\Users\PC_OHGG\.m2\repository\org\springframework\boot\spring-boot-test\2.0.0.M7\spring-boot-test-2.0.0.M7.jar;C:\Users\PC_OHGG\.m2\repository\org\springframework\boot\spring-boot-test-autoconfigure\2.0.0.M7\spring-boot-test-autoconfigure-2.0.0.M7.jar;C:\Users\PC_OHGG\.m2\repository\com\jayway\jsonpath\json-path\2.4.0\json-path-2.4.0.jar;C:\Users\PC_OHGG\.m2\repository\net\minidev\json-smart\2.3\json-smart-2.3.jar;C:\Users\PC_OHGG\.m2\repository\net\minidev\accessors-smart\1.2\accessors-smart-1.2.jar;C:\Users\PC_OHGG\.m2\repository\org\ow2\asm\asm\5.0.4\asm-5.0.4.jar;C:\Users\PC_OHGG\.m2\repository\junit\junit\4.12\junit-4.12.jar;C:\Users\PC_OHGG\.m2\repository\org\assertj\assertj-core\3.8.0\assertj-core-3.8.0.jar;C:\Users\PC_OHGG\.m2\repository\org\mockito\mockito-core\2.12.0\mockito-core-2.12.0.jar;C:\Users\PC_OHGG\.m2\repository\net\bytebuddy\byte-buddy\1.7.9\byte-buddy-1.7.9.jar;C:\Users\PC_OHGG\.m2\repository\net\bytebuddy\byte-buddy-agent\1.7.9\byte-buddy-agent-1.7.9.jar;C:\Users\PC_OHGG\.m2\repository\org\objenesis\objenesis\2.6\objenesis-2.6.jar;C:\Users\PC_OHGG\.m2\repository\org\hamcrest\hamcrest-core\1.3\hamcrest-core-1.3.jar;C:\Users\PC_OHGG\.m2\repository\org\hamcrest\hamcrest-library\1.3\hamcrest-library-1.3.jar;C:\Users\PC_OHGG\.m2\repository\org\skyscreamer\jsonassert\1.5.0\jsonassert-1.5.0.jar;C:\Users\PC_OHGG\.m2\repository\com\vaadin\external\google\android-json\0.0.20131108.vaadin1\android-json-0.0.20131108.vaadin1.jar;C:\Users\PC_OHGG\.m2\repository\org\springframework\spring-core\5.0.2.RELEASE\spring-core-5.0.2.RELEASE.jar;C:\Users\PC_OHGG\.m2\repository\org\springframework\spring-jcl\5.0.2.RELEASE\spring-jcl-5.0.2.RELEASE.jar;C:\Users\PC_OHGG\.m2\repository\org\springframework\spring-test\5.0.2.RELEASE\spring-test-5.0.2.RELEASE.jar;C:\Users\PC_OHGG\.m2\repository\org\xmlunit\xmlunit-core\2.5.1\xmlunit-core-2.5.1.jar;C:\Users\PC_OHGG\.m2\repository\net\sf\jasperreports\jasperreports\4.1.3\jasperreports-4.1.3.jar;C:\Users\PC_OHGG\.m2\repository\commons-beanutils\commons-beanutils\1.8.0\commons-beanutils-1.8.0.jar;C:\Users\PC_OHGG\.m2\repository\commons-collections\commons-collections\2.1\commons-collections-2.1.jar;C:\Users\PC_OHGG\.m2\repository\commons-digester\commons-digester\1.7\commons-digester-1.7.jar;C:\Users\PC_OHGG\.m2\repository\commons-logging\commons-logging\1.0.2\commons-logging-1.0.2.jar;C:\Users\PC_OHGG\.m2\repository\com\lowagie\itext\2.1.7\itext-2.1.7.jar;C:\Users\PC_OHGG\.m2\repository\bouncycastle\bcmail-jdk14\138\bcmail-jdk14-138.jar;C:\Users\PC_OHGG\.m2\repository\bouncycastle\bcprov-jdk14\138\bcprov-jdk14-138.jar;C:\Users\PC_OHGG\.m2\repository\org\bouncycastle\bctsp-jdk14\1.38\bctsp-jdk14-1.38.jar;C:\Users\PC_OHGG\.m2\repository\org\bouncycastle\bcprov-jdk14\1.38\bcprov-jdk14-1.38.jar;C:\Users\PC_OHGG\.m2\repository\org\bouncycastle\bcmail-jdk14\1.38\bcmail-jdk14-1.38.jar;C:\Users\PC_OHGG\.m2\repository\jfree\jcommon\1.0.15\jcommon-1.0.15.jar;C:\Users\PC_OHGG\.m2\repository\jfree\jfreechart\1.0.12\jfreechart-1.0.12.jar;C:\Users\PC_OHGG\.m2\repository\xml-apis\xml-apis\1.4.01\xml-apis-1.4.01.jar;C:\Users\PC_OHGG\.m2\repository\eclipse\jdtcore\3.1.0\jdtcore-3.1.0.jar;C:\Users\PC_OHGG\.m2\repository\org\codehaus\castor\castor\1.2\castor-1.2.jar;C:\Users\PC_OHGG\.m2\repository\org\apache\poi\poi-ooxml\3.7\poi-ooxml-3.7.jar;C:\Users\PC_OHGG\.m2\repository\org\apache\poi\poi\3.7\poi-3.7.jar;C:\Users\PC_OHGG\.m2\repository\org\apache\poi\poi-ooxml-schemas\3.7\poi-ooxml-schemas-3.7.jar;C:\Users\PC_OHGG\.m2\repository\org\apache\xmlbeans\xmlbeans\2.3.0\xmlbeans-2.3.0.jar;C:\Users\PC_OHGG\.m2\repository\stax\stax-api\1.0.1\stax-api-1.0.1.jar;C:\Users\PC_OHGG\.m2\repository\org\apache\geronimo\specs\geronimo-stax-api_1.0_spec\1.0\geronimo-stax-api_1.0_spec-1.0.jar;C:\Users\PC_OHGG\.m2\repository\org\codehaus\jackson\jackson-core-lgpl\1.7.4\jackson-core-lgpl-1.7.4.jar;C:\Users\PC_OHGG\.m2\repository\org\codehaus\jackson\jackson-mapper-lgpl\1.7.4\jackson-mapper-lgpl-1.7.4.jar;C:\Users\PC_OHGG\.m2\repository\org\json\json\20200518\json-20200518.jar;"/>
    <property name="sun.cpu.endian" value="little"/>
    <property name="user.home" value="C:\Users\PC_OHGG"/>
    <property name="user.language" value="es"/>
    <property name="java.specification.vendor" value="Oracle Corporation"/>
    <property name="java.home" value="C:\Java\jdk1.8.0_152\jre"/>
    <property name="basedir" value="C:\eclipse-workspace\spring-boot-backend-apirest"/>
    <property name="file.separator" value="\"/>
    <property name="line.separator" value="&#10;"/>
    <property name="java.vm.specification.vendor" value="Oracle Corporation"/>
    <property name="java.specification.name" value="Java Platform API Specification"/>
    <property name="java.awt.graphicsenv" value="sun.awt.Win32GraphicsEnvironment"/>
    <property name="surefire.real.class.path" value="C:\Users\PC_OHGG\AppData\Local\Temp\surefire4590506726618184984\surefirebooter7812970596722189368.jar"/>
    <property name="sun.boot.class.path" value="C:\Java\jdk1.8.0_152\jre\lib\resources.jar;C:\Java\jdk1.8.0_152\jre\lib\rt.jar;C:\Java\jdk1.8.0_152\jre\lib\sunrsasign.jar;C:\Java\jdk1.8.0_152\jre\lib\jsse.jar;C:\Java\jdk1.8.0_152\jre\lib\jce.jar;C:\Java\jdk1.8.0_152\jre\lib\charsets.jar;C:\Java\jdk1.8.0_152\jre\lib\jfr.jar;C:\Java\jdk1.8.0_152\jre\classes"/>
    <property name="user.script" value=""/>
    <property name="sun.management.compiler" value="HotSpot 64-Bit Tiered Compilers"/>
    <property name="java.runtime.version" value="1.8.0_152-b16"/>
    <property name="user.name" value="PC_OHGG"/>
    <property name="path.separator" value=";"/>
    <property name="os.version" value="10.0"/>
    <property name="java.endorsed.dirs" value="C:\Java\jdk1.8.0_152\jre\lib\endorsed"/>
    <property name="java.runtime.name" value="Java(TM) SE Runtime Environment"/>
    <property name="file.encoding" value="Cp1252"/>
    <property name="java.vm.name" value="Java HotSpot(TM) 64-Bit Server VM"/>
    <property name="localRepository" value="C:\Users\PC_OHGG\.m2\repository"/>
    <property name="java.vendor.url.bug" value="http://bugreport.sun.com/bugreport/"/>
    <property name="java.io.tmpdir" value="C:\Users\PC_OHGG\AppData\Local\Temp\"/>
    <property name="java.version" value="1.8.0_152"/>
    <property name="user.dir" value="C:\eclipse-workspace\spring-boot-backend-apirest"/>
    <property name="os.arch" value="amd64"/>
    <property name="java.vm.specification.name" value="Java Virtual Machine Specification"/>
    <property name="java.awt.printerjob" value="sun.awt.windows.WPrinterJob"/>
    <property name="sun.os.patch.level" value=""/>
    <property name="java.library.path" value="C:\Java\jdk1.8.0_152\jre\bin;C:\WINDOWS\Sun\Java\bin;C:\WINDOWS\system32;C:\WINDOWS;C:\Java\jdk1.8.0_152\jre\bin;C:/Program Files/Java/jre1.8.0_251/bin/server;C:/Program Files/Java/jre1.8.0_251/bin;C:/Program Files/Java/jre1.8.0_251/lib/amd64;C:\Program Files (x86)\Common Files\Oracle\Java\javapath;C:\Program Files\Microsoft MPI\Bin\;C:\ProgramData\Oracle\Java\javapath;C:\app\PC_OHGG\product\11.2.0\client_1\bin;C:\WINDOWS\system32;C:\WINDOWS;C:\WINDOWS\System32\Wbem;C:\WINDOWS\System32\WindowsPowerShell\v1.0\;C:\WINDOWS\System32\OpenSSH\;C:\Program Files (x86)\File Viewer Lite\lib\magick;C:\Program Files\nodejs\;C:\Program Files\dotnet\;C:\Program Files\Microsoft SQL Server\130\Tools\Binn\;C:\Program Files\Microsoft SQL Server\Client SDK\ODBC\170\Tools\Binn\;C:\Program Files (x86)\Microsoft SQL Server\150\DTS\Binn\;C:\Program Files (x86)\Microsoft SQL Server\130\Tools\Binn\;C:\Program Files (x86)\Microsoft SQL Server\130\DTS\Binn\;C:\Program Files\Microsoft SQL Server\130\DTS\Binn\;C:\Program Files\Microsoft SQL Server\Client SDK\ODBC\130\Tools\Binn\;C:\apache-maven-3.6.3\bin;C:\Program Files\Git\cmd;C:\Users\PC_OHGG\AppData\Local\Programs\Python\Python37-32\Scripts\;C:\Users\PC_OHGG\AppData\Local\Programs\Python\Python37-32\;C:\Users\PC_OHGG\AppData\Local\Microsoft\WindowsApps;C:\Users\PC_OHGG\AppData\Local\atom\bin;C:\Users\PC_OHGG\AppData\Local\Microsoft\WindowsApps;C:\Users\PC_OHGG\AppData\Local\Programs\Microsoft VS Code\bin;C:\Users\PC_OHGG\AppData\Roaming\npm;C:\Users\PC_OHGG\.dotnet\tools;C:\WINDOWS\system32;;."/>
    <property name="java.vm.info" value="mixed mode"/>
    <property name="java.vendor" value="Oracle Corporation"/>
    <property name="java.vm.version" value="25.152-b16"/>
    <property name="java.ext.dirs" value="C:\Java\jdk1.8.0_152\jre\lib\ext;C:\WINDOWS\Sun\Java\lib\ext"/>
    <property name="sun.io.unicode.encoding" value="UnicodeLittle"/>
    <property name="java.class.version" value="52.0"/>
  </properties>
  <testcase name="contextLoads" classname="com.bolsadeideas.springboot.backend.apirest.SpringBootBackendApirestApplicationTests" time="2.863"/>
</testsuite>